<?xml version="1.0" encoding="UTF-8"?>
<!-- Generated by org.testng.reporters.JUnitXMLReporter -->
<testsuite ignored="0" hostname="DESKTOP-75JBQQ7" failures="4" tests="5" name="MyTest" time="8.262" errors="0" timestamp="2025-09-03T18:10:03 IST">
  <testcase classname="steps.RegistrationSteps" name="clicks_on_the_Register_button" time="0.012">
    <failure type="java.lang.NullPointerException" message="Cannot invoke &amp;quot;pages.RegistrationPage.clickOnRegisterButton()&amp;quot; because &amp;quot;this.regPage&amp;quot; is null">
      <![CDATA[java.lang.NullPointerException: Cannot invoke "pages.RegistrationPage.clickOnRegisterButton()" because "this.regPage" is null
at steps.RegistrationSteps.clicks_on_the_Register_button(RegistrationSteps.java:57)
at java.base/java.util.ArrayList.forEach(ArrayList.java:1597)
... Removed 25 stack frames]]>
    </failure>
  </testcase> <!-- clicks_on_the_Register_button -->
  <testcase classname="steps.RegistrationSteps" name="the_user_account_should_be_created_successfully" time="0.003">
    <failure type="java.lang.NullPointerException" message="Cannot invoke &amp;quot;pages.RegistrationPage.getWelcomeMessage()&amp;quot; because &amp;quot;this.regPage&amp;quot; is null">
      <![CDATA[java.lang.NullPointerException: Cannot invoke "pages.RegistrationPage.getWelcomeMessage()" because "this.regPage" is null
at steps.RegistrationSteps.the_user_account_should_be_created_successfully(RegistrationSteps.java:64)
at java.base/java.util.ArrayList.forEach(ArrayList.java:1597)
... Removed 25 stack frames]]>
    </failure>
  </testcase> <!-- the_user_account_should_be_created_successfully -->
  <testcase classname="steps.RegistrationSteps" name="the_user_clicks_on_Register" time="0.002">
    <failure type="java.lang.NullPointerException" message="Cannot invoke &amp;quot;pages.RegistrationPage.clickOnRegister()&amp;quot; because &amp;quot;this.regPage&amp;quot; is null">
      <![CDATA[java.lang.NullPointerException: Cannot invoke "pages.RegistrationPage.clickOnRegister()" because "this.regPage" is null
at steps.RegistrationSteps.the_user_clicks_on_Register(RegistrationSteps.java:33)
at java.base/java.util.ArrayList.forEach(ArrayList.java:1597)
... Removed 25 stack frames]]>
    </failure>
  </testcase> <!-- the_user_clicks_on_Register -->
  <testcase classname="steps.RegistrationSteps" name="the_user_enters_valid_registration_details" time="0.003">
    <failure type="java.lang.NullPointerException" message="Cannot invoke &amp;quot;pages.RegistrationPage.enterFirstName(String)&amp;quot; because &amp;quot;this.regPage&amp;quot; is null">
      <![CDATA[java.lang.NullPointerException: Cannot invoke "pages.RegistrationPage.enterFirstName(String)" because "this.regPage" is null
at steps.RegistrationSteps.the_user_enters_valid_registration_details(RegistrationSteps.java:40)
at java.base/java.util.ArrayList.forEach(ArrayList.java:1597)
... Removed 25 stack frames]]>
    </failure>
  </testcase> <!-- the_user_enters_valid_registration_details -->
  <testcase classname="steps.RegistrationSteps" name="the_user_is_on_Home_page" time="8.168"/>
</testsuite> <!-- MyTest -->
